# JRE version: Java(TM) SE Runtime Environment (8.0_60-b27) (build 1.8.0_60-b27)
# Java VM: Java HotSpot(TM) 64-Bit Server VM (25.60-b23 mixed mode windows-amd64 compressed oops)
Heap:
 PSYoungGen      total 72192K, used 16185K [0x00000000eab00000, 0x00000000efa00000, 0x0000000100000000)
  eden space 65536K, 15% used [0x00000000eab00000,0x00000000eb5199d0,0x00000000eeb00000)
  from space 6656K, 87% used [0x00000000ef180000,0x00000000ef734e10,0x00000000ef800000)
  to   space 6656K, 0% used [0x00000000eeb00000,0x00000000eeb00000,0x00000000ef180000)
 ParOldGen       total 33792K, used 14896K [0x00000000c0000000, 0x00000000c2100000, 0x00000000eab00000)
  object space 33792K, 44% used [0x00000000c0000000,0x00000000c0e8c100,0x00000000c2100000)
 Metaspace       used 31751K, capacity 32668K, committed 33024K, reserved 1077248K
  class space    used 4339K, capacity 4739K, committed 4864K, reserved 1048576K
GC Heap History (10 events):
Event: 7.352 GC heap before
{Heap before GC invocations=9 (full 1):
 PSYoungGen      total 39424K, used 3514K [0x00000000eab00000, 0x00000000ed800000, 0x0000000100000000)
  eden space 32768K, 0% used [0x00000000eab00000,0x00000000eab00000,0x00000000ecb00000)
  from space 6656K, 52% used [0x00000000ed180000,0x00000000ed4ee990,0x00000000ed800000)
  to   space 6656K, 0% used [0x00000000ecb00000,0x00000000ecb00000,0x00000000ed180000)
 ParOldGen       total 44032K, used 9891K [0x00000000c0000000, 0x00000000c2b00000, 0x00000000eab00000)
  object space 44032K, 22% used [0x00000000c0000000,0x00000000c09a8d50,0x00000000c2b00000)
 Metaspace       used 20812K, capacity 21250K, committed 21296K, reserved 1067008K
  class space    used 2787K, capacity 2938K, committed 2944K, reserved 1048576K
Event: 7.422 GC heap after
Heap after GC invocations=9 (full 1):
 PSYoungGen      total 39424K, used 0K [0x00000000eab00000, 0x00000000ed800000, 0x0000000100000000)
  eden space 32768K, 0% used [0x00000000eab00000,0x00000000eab00000,0x00000000ecb00000)
  from space 6656K, 0% used [0x00000000ed180000,0x00000000ed180000,0x00000000ed800000)
  to   space 6656K, 0% used [0x00000000ecb00000,0x00000000ecb00000,0x00000000ed180000)
 ParOldGen       total 33792K, used 9587K [0x00000000c0000000, 0x00000000c2100000, 0x00000000eab00000)
  object space 33792K, 28% used [0x00000000c0000000,0x00000000c095cc60,0x00000000c2100000)
 Metaspace       used 20812K, capacity 21250K, committed 21296K, reserved 1067008K
  class space    used 2787K, capacity 2938K, committed 2944K, reserved 1048576K
}
Event: 8.067 GC heap before
{Heap before GC invocations=10 (full 1):
 PSYoungGen      total 39424K, used 32768K [0x00000000eab00000, 0x00000000ed800000, 0x0000000100000000)
  eden space 32768K, 100% used [0x00000000eab00000,0x00000000ecb00000,0x00000000ecb00000)
  from space 6656K, 0% used [0x00000000ed180000,0x00000000ed180000,0x00000000ed800000)
  to   space 6656K, 0% used [0x00000000ecb00000,0x00000000ecb00000,0x00000000ed180000)
 ParOldGen       total 33792K, used 9587K [0x00000000c0000000, 0x00000000c2100000, 0x00000000eab00000)
  object space 33792K, 28% used [0x00000000c0000000,0x00000000c095cc60,0x00000000c2100000)
 Metaspace       used 22626K, capacity 23182K, committed 23296K, reserved 1069056K
  class space    used 3099K, capacity 3274K, committed 3328K, reserved 1048576K
Event: 8.077 GC heap after
Heap after GC invocations=10 (full 1):
 PSYoungGen      total 39424K, used 4104K [0x00000000eab00000, 0x00000000ee580000, 0x0000000100000000)
  eden space 32768K, 0% used [0x00000000eab00000,0x00000000eab00000,0x00000000ecb00000)
  from space 6656K, 61% used [0x00000000ecb00000,0x00000000ecf021c8,0x00000000ed180000)
  to   space 6144K, 0% used [0x00000000edf80000,0x00000000edf80000,0x00000000ee580000)
 ParOldGen       total 33792K, used 9595K [0x00000000c0000000, 0x00000000c2100000, 0x00000000eab00000)
  object space 33792K, 28% used [0x00000000c0000000,0x00000000c095ec60,0x00000000c2100000)
 Metaspace       used 22626K, capacity 23182K, committed 23296K, reserved 1069056K
  class space    used 3099K, capacity 3274K, committed 3328K, reserved 1048576K
}
Event: 8.985 GC heap before
{Heap before GC invocations=11 (full 1):
 PSYoungGen      total 39424K, used 36872K [0x00000000eab00000, 0x00000000ee580000, 0x0000000100000000)
  eden space 32768K, 100% used [0x00000000eab00000,0x00000000ecb00000,0x00000000ecb00000)
  from space 6656K, 61% used [0x00000000ecb00000,0x00000000ecf021c8,0x00000000ed180000)
  to   space 6144K, 0% used [0x00000000edf80000,0x00000000edf80000,0x00000000ee580000)
 ParOldGen       total 33792K, used 9595K [0x00000000c0000000, 0x00000000c2100000, 0x00000000eab00000)
  object space 33792K, 28% used [0x00000000c0000000,0x00000000c095ec60,0x00000000c2100000)
 Metaspace       used 25806K, capacity 26432K, committed 26752K, reserved 1073152K
  class space    used 3492K, capacity 3693K, committed 3712K, reserved 1048576K
Event: 8.991 GC heap after
Heap after GC invocations=11 (full 1):
 PSYoungGen      total 51712K, used 5113K [0x00000000eab00000, 0x00000000ee480000, 0x0000000100000000)
  eden space 46592K, 0% used [0x00000000eab00000,0x00000000eab00000,0x00000000ed880000)
  from space 5120K, 99% used [0x00000000edf80000,0x00000000ee47e530,0x00000000ee480000)
  to   space 6144K, 0% used [0x00000000ed880000,0x00000000ed880000,0x00000000ede80000)
 ParOldGen       total 33792K, used 9667K [0x00000000c0000000, 0x00000000c2100000, 0x00000000eab00000)
  object space 33792K, 28% used [0x00000000c0000000,0x00000000c0970c70,0x00000000c2100000)
 Metaspace       used 25806K, capacity 26432K, committed 26752K, reserved 1073152K
  class space    used 3492K, capacity 3693K, committed 3712K, reserved 1048576K
}
Event: 11.236 GC heap before
{Heap before GC invocations=12 (full 1):
 PSYoungGen      total 51712K, used 51705K [0x00000000eab00000, 0x00000000ee480000, 0x0000000100000000)
  eden space 46592K, 100% used [0x00000000eab00000,0x00000000ed880000,0x00000000ed880000)
  from space 5120K, 99% used [0x00000000edf80000,0x00000000ee47e530,0x00000000ee480000)
  to   space 6144K, 0% used [0x00000000ed880000,0x00000000ed880000,0x00000000ede80000)
 ParOldGen       total 33792K, used 9667K [0x00000000c0000000, 0x00000000c2100000, 0x00000000eab00000)
  object space 33792K, 28% used [0x00000000c0000000,0x00000000c0970c70,0x00000000c2100000)
 Metaspace       used 28913K, capacity 29682K, committed 29824K, reserved 1075200K
  class space    used 3894K, capacity 4198K, committed 4224K, reserved 1048576K
Event: 11.260 GC heap after
Heap after GC invocations=12 (full 1):
 PSYoungGen      total 52736K, used 4972K [0x00000000eab00000, 0x00000000ef800000, 0x0000000100000000)
  eden space 46592K, 0% used [0x00000000eab00000,0x00000000eab00000,0x00000000ed880000)
  from space 6144K, 80% used [0x00000000ed880000,0x00000000edd5b130,0x00000000ede80000)
  to   space 6656K, 0% used [0x00000000ef180000,0x00000000ef180000,0x00000000ef800000)
 ParOldGen       total 33792K, used 12660K [0x00000000c0000000, 0x00000000c2100000, 0x00000000eab00000)
  object space 33792K, 37% used [0x00000000c0000000,0x00000000c0c5d0c0,0x00000000c2100000)
 Metaspace       used 28913K, capacity 29682K, committed 29824K, reserved 1075200K
  class space    used 3894K, capacity 4198K, committed 4224K, reserved 1048576K
}
Event: 11.947 GC heap before
{Heap before GC invocations=13 (full 1):
 PSYoungGen      total 52736K, used 51564K [0x00000000eab00000, 0x00000000ef800000, 0x0000000100000000)
  eden space 46592K, 100% used [0x00000000eab00000,0x00000000ed880000,0x00000000ed880000)
  from space 6144K, 80% used [0x00000000ed880000,0x00000000edd5b130,0x00000000ede80000)
  to   space 6656K, 0% used [0x00000000ef180000,0x00000000ef180000,0x00000000ef800000)
 ParOldGen       total 33792K, used 12660K [0x00000000c0000000, 0x00000000c2100000, 0x00000000eab00000)
  object space 33792K, 37% used [0x00000000c0000000,0x00000000c0c5d0c0,0x00000000c2100000)
 Metaspace       used 31478K, capacity 32318K, committed 32640K, reserved 1077248K
  class space    used 4298K, capacity 4687K, committed 4736K, reserved 1048576K
Event: 11.983 GC heap after
Heap after GC invocations=13 (full 1):
 PSYoungGen      total 72192K, used 5843K [0x00000000eab00000, 0x00000000efa00000, 0x0000000100000000)
  eden space 65536K, 0% used [0x00000000eab00000,0x00000000eab00000,0x00000000eeb00000)
  from space 6656K, 87% used [0x00000000ef180000,0x00000000ef734e10,0x00000000ef800000)
  to   space 6656K, 0% used [0x00000000eeb00000,0x00000000eeb00000,0x00000000ef180000)
 ParOldGen       total 33792K, used 14896K [0x00000000c0000000, 0x00000000c2100000, 0x00000000eab00000)
  object space 33792K, 44% used [0x00000000c0000000,0x00000000c0e8c100,0x00000000c2100000)
 Metaspace       used 31478K, capacity 32318K, committed 32640K, reserved 1077248K
  class space    used 4298K, capacity 4687K, committed 4736K, reserved 1048576K
}

