# JRE version: Java(TM) SE Runtime Environment (8.0_60-b27) (build 1.8.0_60-b27)
# Java VM: Java HotSpot(TM) 64-Bit Server VM (25.60-b23 mixed mode windows-amd64 compressed oops)
Heap:
 PSYoungGen      total 135168K, used 58419K [0x00000000eab00000, 0x00000000f6900000, 0x0000000100000000)
  eden space 121856K, 47% used [0x00000000eab00000,0x00000000ee40cf18,0x00000000f2200000)
  from space 13312K, 0% used [0x00000000f2200000,0x00000000f2200000,0x00000000f2f00000)
  to   space 12800K, 0% used [0x00000000f5c80000,0x00000000f5c80000,0x00000000f6900000)
 ParOldGen       total 48128K, used 19943K [0x00000000c0000000, 0x00000000c2f00000, 0x00000000eab00000)
  object space 48128K, 41% used [0x00000000c0000000,0x00000000c1379e60,0x00000000c2f00000)
 Metaspace       used 36669K, capacity 37876K, committed 38016K, reserved 1081344K
  class space    used 4954K, capacity 5412K, committed 5504K, reserved 1048576K
GC Heap History (10 events):
Event: 30.036 GC heap before
{Heap before GC invocations=19 (full 1):
 PSYoungGen      total 72192K, used 65472K [0x00000000eab00000, 0x00000000f1080000, 0x0000000100000000)
  eden space 65024K, 100% used [0x00000000eab00000,0x00000000eea80000,0x00000000eea80000)
  from space 7168K, 6% used [0x00000000eea80000,0x00000000eeaf0020,0x00000000ef180000)
  to   space 6656K, 0% used [0x00000000f0a00000,0x00000000f0a00000,0x00000000f1080000)
 ParOldGen       total 33792K, used 12354K [0x00000000c0000000, 0x00000000c2100000, 0x00000000eab00000)
  object space 33792K, 36% used [0x00000000c0000000,0x00000000c0c10a80,0x00000000c2100000)
 Metaspace       used 22178K, capacity 22744K, committed 22912K, reserved 1069056K
  class space    used 2936K, capacity 3111K, committed 3200K, reserved 1048576K
Event: 30.053 GC heap after
Heap after GC invocations=19 (full 1):
 PSYoungGen      total 97280K, used 416K [0x00000000eab00000, 0x00000000f1080000, 0x0000000100000000)
  eden space 90624K, 0% used [0x00000000eab00000,0x00000000eab00000,0x00000000f0380000)
  from space 6656K, 6% used [0x00000000f0a00000,0x00000000f0a68000,0x00000000f1080000)
  to   space 6656K, 0% used [0x00000000f0380000,0x00000000f0380000,0x00000000f0a00000)
 ParOldGen       total 33792K, used 12778K [0x00000000c0000000, 0x00000000c2100000, 0x00000000eab00000)
  object space 33792K, 37% used [0x00000000c0000000,0x00000000c0c7aac0,0x00000000c2100000)
 Metaspace       used 22178K, capacity 22744K, committed 22912K, reserved 1069056K
  class space    used 2936K, capacity 3111K, committed 3200K, reserved 1048576K
}
Event: 39.280 GC heap before
{Heap before GC invocations=20 (full 1):
 PSYoungGen      total 97280K, used 91040K [0x00000000eab00000, 0x00000000f1080000, 0x0000000100000000)
  eden space 90624K, 100% used [0x00000000eab00000,0x00000000f0380000,0x00000000f0380000)
  from space 6656K, 6% used [0x00000000f0a00000,0x00000000f0a68000,0x00000000f1080000)
  to   space 6656K, 0% used [0x00000000f0380000,0x00000000f0380000,0x00000000f0a00000)
 ParOldGen       total 33792K, used 12778K [0x00000000c0000000, 0x00000000c2100000, 0x00000000eab00000)
  object space 33792K, 37% used [0x00000000c0000000,0x00000000c0c7aac0,0x00000000c2100000)
 Metaspace       used 28448K, capacity 29284K, committed 29568K, reserved 1075200K
  class space    used 3813K, capacity 4111K, committed 4224K, reserved 1048576K
Event: 39.317 GC heap after
Heap after GC invocations=20 (full 1):
 PSYoungGen      total 97280K, used 6644K [0x00000000eab00000, 0x00000000f3800000, 0x0000000100000000)
  eden space 90624K, 0% used [0x00000000eab00000,0x00000000eab00000,0x00000000f0380000)
  from space 6656K, 99% used [0x00000000f0380000,0x00000000f09fd3c8,0x00000000f0a00000)
  to   space 9216K, 0% used [0x00000000f2f00000,0x00000000f2f00000,0x00000000f3800000)
 ParOldGen       total 33792K, used 16931K [0x00000000c0000000, 0x00000000c2100000, 0x00000000eab00000)
  object space 33792K, 50% used [0x00000000c0000000,0x00000000c1088e90,0x00000000c2100000)
 Metaspace       used 28448K, capacity 29284K, committed 29568K, reserved 1075200K
  class space    used 3813K, capacity 4111K, committed 4224K, reserved 1048576K
}
Event: 45.129 GC heap before
{Heap before GC invocations=21 (full 1):
 PSYoungGen      total 97280K, used 97268K [0x00000000eab00000, 0x00000000f3800000, 0x0000000100000000)
  eden space 90624K, 100% used [0x00000000eab00000,0x00000000f0380000,0x00000000f0380000)
  from space 6656K, 99% used [0x00000000f0380000,0x00000000f09fd3c8,0x00000000f0a00000)
  to   space 9216K, 0% used [0x00000000f2f00000,0x00000000f2f00000,0x00000000f3800000)
 ParOldGen       total 33792K, used 16931K [0x00000000c0000000, 0x00000000c2100000, 0x00000000eab00000)
  object space 33792K, 50% used [0x00000000c0000000,0x00000000c1088e90,0x00000000c2100000)
 Metaspace       used 33905K, capacity 34968K, committed 35200K, reserved 1079296K
  class space    used 4547K, capacity 4953K, committed 4992K, reserved 1048576K
Event: 45.154 GC heap after
Heap after GC invocations=21 (full 1):
 PSYoungGen      total 131072K, used 9193K [0x00000000eab00000, 0x00000000f3f80000, 0x0000000100000000)
  eden space 121856K, 0% used [0x00000000eab00000,0x00000000eab00000,0x00000000f2200000)
  from space 9216K, 99% used [0x00000000f2f00000,0x00000000f37fa500,0x00000000f3800000)
  to   space 13312K, 0% used [0x00000000f2200000,0x00000000f2200000,0x00000000f2f00000)
 ParOldGen       total 33792K, used 22527K [0x00000000c0000000, 0x00000000c2100000, 0x00000000eab00000)
  object space 33792K, 66% used [0x00000000c0000000,0x00000000c15ffe60,0x00000000c2100000)
 Metaspace       used 33905K, capacity 34968K, committed 35200K, reserved 1079296K
  class space    used 4547K, capacity 4953K, committed 4992K, reserved 1048576K
}
Event: 45.260 GC heap before
{Heap before GC invocations=22 (full 1):
 PSYoungGen      total 131072K, used 18911K [0x00000000eab00000, 0x00000000f3f80000, 0x0000000100000000)
  eden space 121856K, 7% used [0x00000000eab00000,0x00000000eb47d918,0x00000000f2200000)
  from space 9216K, 99% used [0x00000000f2f00000,0x00000000f37fa500,0x00000000f3800000)
  to   space 13312K, 0% used [0x00000000f2200000,0x00000000f2200000,0x00000000f2f00000)
 ParOldGen       total 33792K, used 22527K [0x00000000c0000000, 0x00000000c2100000, 0x00000000eab00000)
  object space 33792K, 66% used [0x00000000c0000000,0x00000000c15ffe60,0x00000000c2100000)
 Metaspace       used 34288K, capacity 35280K, committed 35416K, reserved 1079296K
  class space    used 4600K, capacity 4992K, committed 4992K, reserved 1048576K
Event: 45.269 GC heap after
Heap after GC invocations=22 (full 1):
 PSYoungGen      total 135168K, used 1136K [0x00000000eab00000, 0x00000000f6900000, 0x0000000100000000)
  eden space 121856K, 0% used [0x00000000eab00000,0x00000000eab00000,0x00000000f2200000)
  from space 13312K, 8% used [0x00000000f2200000,0x00000000f231c3d8,0x00000000f2f00000)
  to   space 12800K, 0% used [0x00000000f5c80000,0x00000000f5c80000,0x00000000f6900000)
 ParOldGen       total 33792K, used 27411K [0x00000000c0000000, 0x00000000c2100000, 0x00000000eab00000)
  object space 33792K, 81% used [0x00000000c0000000,0x00000000c1ac4ed0,0x00000000c2100000)
 Metaspace       used 34288K, capacity 35280K, committed 35416K, reserved 1079296K
  class space    used 4600K, capacity 4992K, committed 4992K, reserved 1048576K
}
Event: 45.269 GC heap before
{Heap before GC invocations=23 (full 2):
 PSYoungGen      total 135168K, used 1136K [0x00000000eab00000, 0x00000000f6900000, 0x0000000100000000)
  eden space 121856K, 0% used [0x00000000eab00000,0x00000000eab00000,0x00000000f2200000)
  from space 13312K, 8% used [0x00000000f2200000,0x00000000f231c3d8,0x00000000f2f00000)
  to   space 12800K, 0% used [0x00000000f5c80000,0x00000000f5c80000,0x00000000f6900000)
 ParOldGen       total 33792K, used 27411K [0x00000000c0000000, 0x00000000c2100000, 0x00000000eab00000)
  object space 33792K, 81% used [0x00000000c0000000,0x00000000c1ac4ed0,0x00000000c2100000)
 Metaspace       used 34288K, capacity 35280K, committed 35416K, reserved 1079296K
  class space    used 4600K, capacity 4992K, committed 4992K, reserved 1048576K
Event: 45.416 GC heap after
Heap after GC invocations=23 (full 2):
 PSYoungGen      total 135168K, used 0K [0x00000000eab00000, 0x00000000f6900000, 0x0000000100000000)
  eden space 121856K, 0% used [0x00000000eab00000,0x00000000eab00000,0x00000000f2200000)
  from space 13312K, 0% used [0x00000000f2200000,0x00000000f2200000,0x00000000f2f00000)
  to   space 12800K, 0% used [0x00000000f5c80000,0x00000000f5c80000,0x00000000f6900000)
 ParOldGen       total 48128K, used 19943K [0x00000000c0000000, 0x00000000c2f00000, 0x00000000eab00000)
  object space 48128K, 41% used [0x00000000c0000000,0x00000000c1379e60,0x00000000c2f00000)
 Metaspace       used 34254K, capacity 35166K, committed 35416K, reserved 1079296K
  class space    used 4594K, capacity 4958K, committed 4992K, reserved 1048576K
}

