# JRE version: Java(TM) SE Runtime Environment (8.0_60-b27) (build 1.8.0_60-b27)
# Java VM: Java HotSpot(TM) 64-Bit Server VM (25.60-b23 mixed mode windows-amd64 compressed oops)
Heap:
 PSYoungGen      total 274432K, used 65351K [0x00000000eab00000, 0x00000000fd380000, 0x0000000100000000)
  eden space 265728K, 24% used [0x00000000eab00000,0x00000000eead1ea0,0x00000000fae80000)
  from space 8704K, 0% used [0x00000000fae80000,0x00000000fae80000,0x00000000fb700000)
  to   space 18944K, 0% used [0x00000000fc100000,0x00000000fc100000,0x00000000fd380000)
 ParOldGen       total 95744K, used 56286K [0x00000000c0000000, 0x00000000c5d80000, 0x00000000eab00000)
  object space 95744K, 58% used [0x00000000c0000000,0x00000000c36f7a90,0x00000000c5d80000)
 Metaspace       used 51889K, capacity 54830K, committed 54912K, reserved 1095680K
  class space    used 7066K, capacity 8044K, committed 8064K, reserved 1048576K
GC Heap History (10 events):
Event: 46.118 GC heap before
{Heap before GC invocations=13 (full 2):
 PSYoungGen      total 190464K, used 8672K [0x00000000eab00000, 0x00000000fd180000, 0x0000000100000000)
  eden space 181760K, 0% used [0x00000000eab00000,0x00000000eab00000,0x00000000f5c80000)
  from space 8704K, 99% used [0x00000000f5c80000,0x00000000f64f8010,0x00000000f6500000)
  to   space 13824K, 0% used [0x00000000fc400000,0x00000000fc400000,0x00000000fd180000)
 ParOldGen       total 36864K, used 24582K [0x00000000c0000000, 0x00000000c2400000, 0x00000000eab00000)
  object space 36864K, 66% used [0x00000000c0000000,0x00000000c1801820,0x00000000c2400000)
 Metaspace       used 34266K, capacity 35280K, committed 35416K, reserved 1079296K
  class space    used 4603K, capacity 4992K, committed 4992K, reserved 1048576K
Event: 46.262 GC heap after
Heap after GC invocations=13 (full 2):
 PSYoungGen      total 190464K, used 0K [0x00000000eab00000, 0x00000000fd180000, 0x0000000100000000)
  eden space 181760K, 0% used [0x00000000eab00000,0x00000000eab00000,0x00000000f5c80000)
  from space 8704K, 0% used [0x00000000f5c80000,0x00000000f5c80000,0x00000000f6500000)
  to   space 13824K, 0% used [0x00000000fc400000,0x00000000fc400000,0x00000000fd180000)
 ParOldGen       total 57344K, used 26366K [0x00000000c0000000, 0x00000000c3800000, 0x00000000eab00000)
  object space 57344K, 45% used [0x00000000c0000000,0x00000000c19bfb48,0x00000000c3800000)
 Metaspace       used 34233K, capacity 35166K, committed 35416K, reserved 1079296K
  class space    used 4597K, capacity 4958K, committed 4992K, reserved 1048576K
}
Event: 51.354 GC heap before
{Heap before GC invocations=14 (full 2):
 PSYoungGen      total 190464K, used 181760K [0x00000000eab00000, 0x00000000fd180000, 0x0000000100000000)
  eden space 181760K, 100% used [0x00000000eab00000,0x00000000f5c80000,0x00000000f5c80000)
  from space 8704K, 0% used [0x00000000f5c80000,0x00000000f5c80000,0x00000000f6500000)
  to   space 13824K, 0% used [0x00000000fc400000,0x00000000fc400000,0x00000000fd180000)
 ParOldGen       total 57344K, used 26366K [0x00000000c0000000, 0x00000000c3800000, 0x00000000eab00000)
  object space 57344K, 45% used [0x00000000c0000000,0x00000000c19bfb48,0x00000000c3800000)
 Metaspace       used 40491K, capacity 42006K, committed 42112K, reserved 1085440K
  class space    used 5611K, capacity 6210K, committed 6272K, reserved 1048576K
Event: 51.415 GC heap after
Heap after GC invocations=14 (full 2):
 PSYoungGen      total 279552K, used 13808K [0x00000000eab00000, 0x00000000fd480000, 0x0000000100000000)
  eden space 265728K, 0% used [0x00000000eab00000,0x00000000eab00000,0x00000000fae80000)
  from space 13824K, 99% used [0x00000000fc400000,0x00000000fd17c010,0x00000000fd180000)
  to   space 19456K, 0% used [0x00000000fae80000,0x00000000fae80000,0x00000000fc180000)
 ParOldGen       total 57344K, used 35460K [0x00000000c0000000, 0x00000000c3800000, 0x00000000eab00000)
  object space 57344K, 61% used [0x00000000c0000000,0x00000000c22a10f8,0x00000000c3800000)
 Metaspace       used 40491K, capacity 42006K, committed 42112K, reserved 1085440K
  class space    used 5611K, capacity 6210K, committed 6272K, reserved 1048576K
}
Event: 54.911 GC heap before
{Heap before GC invocations=15 (full 2):
 PSYoungGen      total 279552K, used 93082K [0x00000000eab00000, 0x00000000fd480000, 0x0000000100000000)
  eden space 265728K, 29% used [0x00000000eab00000,0x00000000ef86aa88,0x00000000fae80000)
  from space 13824K, 99% used [0x00000000fc400000,0x00000000fd17c010,0x00000000fd180000)
  to   space 19456K, 0% used [0x00000000fae80000,0x00000000fae80000,0x00000000fc180000)
 ParOldGen       total 57344K, used 35460K [0x00000000c0000000, 0x00000000c3800000, 0x00000000eab00000)
  object space 57344K, 61% used [0x00000000c0000000,0x00000000c22a10f8,0x00000000c3800000)
 Metaspace       used 43150K, capacity 45100K, committed 45184K, reserved 1087488K
  class space    used 6029K, capacity 6760K, committed 6784K, reserved 1048576K
Event: 54.955 GC heap after
Heap after GC invocations=15 (full 2):
 PSYoungGen      total 274432K, used 8600K [0x00000000eab00000, 0x00000000fd380000, 0x0000000100000000)
  eden space 265728K, 0% used [0x00000000eab00000,0x00000000eab00000,0x00000000fae80000)
  from space 8704K, 98% used [0x00000000fae80000,0x00000000fb6e6038,0x00000000fb700000)
  to   space 18944K, 0% used [0x00000000fc100000,0x00000000fc100000,0x00000000fd380000)
 ParOldGen       total 57344K, used 49341K [0x00000000c0000000, 0x00000000c3800000, 0x00000000eab00000)
  object space 57344K, 86% used [0x00000000c0000000,0x00000000c302f5a0,0x00000000c3800000)
 Metaspace       used 43150K, capacity 45100K, committed 45184K, reserved 1087488K
  class space    used 6029K, capacity 6760K, committed 6784K, reserved 1048576K
}
Event: 54.955 GC heap before
{Heap before GC invocations=16 (full 3):
 PSYoungGen      total 274432K, used 8600K [0x00000000eab00000, 0x00000000fd380000, 0x0000000100000000)
  eden space 265728K, 0% used [0x00000000eab00000,0x00000000eab00000,0x00000000fae80000)
  from space 8704K, 98% used [0x00000000fae80000,0x00000000fb6e6038,0x00000000fb700000)
  to   space 18944K, 0% used [0x00000000fc100000,0x00000000fc100000,0x00000000fd380000)
 ParOldGen       total 57344K, used 49341K [0x00000000c0000000, 0x00000000c3800000, 0x00000000eab00000)
  object space 57344K, 86% used [0x00000000c0000000,0x00000000c302f5a0,0x00000000c3800000)
 Metaspace       used 43150K, capacity 45100K, committed 45184K, reserved 1087488K
  class space    used 6029K, capacity 6760K, committed 6784K, reserved 1048576K
Event: 55.400 GC heap after
Heap after GC invocations=16 (full 3):
 PSYoungGen      total 274432K, used 0K [0x00000000eab00000, 0x00000000fd380000, 0x0000000100000000)
  eden space 265728K, 0% used [0x00000000eab00000,0x00000000eab00000,0x00000000fae80000)
  from space 8704K, 0% used [0x00000000fae80000,0x00000000fae80000,0x00000000fb700000)
  to   space 18944K, 0% used [0x00000000fc100000,0x00000000fc100000,0x00000000fd380000)
 ParOldGen       total 57344K, used 50410K [0x00000000c0000000, 0x00000000c3800000, 0x00000000eab00000)
  object space 57344K, 87% used [0x00000000c0000000,0x00000000c313ab28,0x00000000c3800000)
 Metaspace       used 43150K, capacity 45100K, committed 45184K, reserved 1087488K
  class space    used 6029K, capacity 6760K, committed 6784K, reserved 1048576K
}
Event: 1845.724 GC heap before
{Heap before GC invocations=17 (full 4):
 PSYoungGen      total 274432K, used 265728K [0x00000000eab00000, 0x00000000fd380000, 0x0000000100000000)
  eden space 265728K, 100% used [0x00000000eab00000,0x00000000fae80000,0x00000000fae80000)
  from space 8704K, 0% used [0x00000000fae80000,0x00000000fae80000,0x00000000fb700000)
  to   space 18944K, 0% used [0x00000000fc100000,0x00000000fc100000,0x00000000fd380000)
 ParOldGen       total 57344K, used 50410K [0x00000000c0000000, 0x00000000c3800000, 0x00000000eab00000)
  object space 57344K, 87% used [0x00000000c0000000,0x00000000c313ab28,0x00000000c3800000)
 Metaspace       used 48664K, capacity 51662K, committed 51968K, reserved 1093632K
  class space    used 6825K, capacity 7820K, committed 7936K, reserved 1048576K
Event: 1846.431 GC heap after
Heap after GC invocations=17 (full 4):
 PSYoungGen      total 274432K, used 0K [0x00000000eab00000, 0x00000000fd380000, 0x0000000100000000)
  eden space 265728K, 0% used [0x00000000eab00000,0x00000000eab00000,0x00000000fae80000)
  from space 8704K, 0% used [0x00000000fae80000,0x00000000fae80000,0x00000000fb700000)
  to   space 18944K, 0% used [0x00000000fc100000,0x00000000fc100000,0x00000000fd380000)
 ParOldGen       total 95744K, used 56286K [0x00000000c0000000, 0x00000000c5d80000, 0x00000000eab00000)
  object space 95744K, 58% used [0x00000000c0000000,0x00000000c36f7a90,0x00000000c5d80000)
 Metaspace       used 48664K, capacity 51662K, committed 51968K, reserved 1093632K
  class space    used 6825K, capacity 7820K, committed 7936K, reserved 1048576K
}

