# JRE version: Java(TM) SE Runtime Environment (7.0_79-b15) (build 1.7.0_79-b15)
# Java VM: Java HotSpot(TM) 64-Bit Server VM (24.79-b02 mixed mode windows-amd64 compressed oops)
Heap
 PSYoungGen      total 215040K, used 158482K [0x00000000eaa80000, 0x00000000f9680000, 0x0000000100000000)
  eden space 191488K, 82% used [0x00000000eaa80000,0x00000000f4544b38,0x00000000f6580000)
  from space 23552K, 0% used [0x00000000f7d80000,0x00000000f7d80000,0x00000000f9480000)
  to   space 24576K, 0% used [0x00000000f6580000,0x00000000f6580000,0x00000000f7d80000)
 ParOldGen       total 80384K, used 40032K [0x00000000c0000000, 0x00000000c4e80000, 0x00000000eaa80000)
  object space 80384K, 49% used [0x00000000c0000000,0x00000000c27181b8,0x00000000c4e80000)
 PSPermGen       total 85504K, used 51041K [0x00000000b0000000, 0x00000000b5380000, 0x00000000c0000000)
  object space 85504K, 59% used [0x00000000b0000000,0x00000000b31d86e8,0x00000000b5380000)
GC Heap History (10 events):
Event: 3252.968 GC heap before
{Heap before GC invocations=30 (full 5):
 PSYoungGen      total 182784K, used 3648K [0x00000000eaa80000, 0x00000000f6b00000, 0x0000000100000000)
  eden space 168448K, 0% used [0x00000000eaa80000,0x00000000eaa80000,0x00000000f4f00000)
  from space 14336K, 25% used [0x00000000f4f00000,0x00000000f5290020,0x00000000f5d00000)
  to   space 14336K, 0% used [0x00000000f5d00000,0x00000000f5d00000,0x00000000f6b00000)
 ParOldGen       total 80384K, used 41144K [0x00000000c0000000, 0x00000000c4e80000, 0x00000000eaa80000)
  object space 80384K, 51% used [0x00000000c0000000,0x00000000c282e2d8,0x00000000c4e80000)
 PSPermGen       total 89088K, used 47563K [0x00000000b0000000, 0x00000000b5700000, 0x00000000c0000000)
  object space 89088K, 53% used [0x00000000b0000000,0x00000000b2e72fd0,0x00000000b5700000)
Event: 3253.321 GC heap after
Heap after GC invocations=30 (full 5):
 PSYoungGen      total 182784K, used 0K [0x00000000eaa80000, 0x00000000f6b00000, 0x0000000100000000)
  eden space 168448K, 0% used [0x00000000eaa80000,0x00000000eaa80000,0x00000000f4f00000)
  from space 14336K, 0% used [0x00000000f4f00000,0x00000000f4f00000,0x00000000f5d00000)
  to   space 14336K, 0% used [0x00000000f5d00000,0x00000000f5d00000,0x00000000f6b00000)
 ParOldGen       total 80384K, used 23719K [0x00000000c0000000, 0x00000000c4e80000, 0x00000000eaa80000)
  object space 80384K, 29% used [0x00000000c0000000,0x00000000c1729fc8,0x00000000c4e80000)
 PSPermGen       total 84992K, used 45867K [0x00000000b0000000, 0x00000000b5300000, 0x00000000c0000000)
  object space 84992K, 53% used [0x00000000b0000000,0x00000000b2ccaf38,0x00000000b5300000)
}
Event: 6208.229 GC heap before
{Heap before GC invocations=31 (full 5):
 PSYoungGen      total 182784K, used 168448K [0x00000000eaa80000, 0x00000000f6b00000, 0x0000000100000000)
  eden space 168448K, 100% used [0x00000000eaa80000,0x00000000f4f00000,0x00000000f4f00000)
  from space 14336K, 0% used [0x00000000f4f00000,0x00000000f4f00000,0x00000000f5d00000)
  to   space 14336K, 0% used [0x00000000f5d00000,0x00000000f5d00000,0x00000000f6b00000)
 ParOldGen       total 80384K, used 23719K [0x00000000c0000000, 0x00000000c4e80000, 0x00000000eaa80000)
  object space 80384K, 29% used [0x00000000c0000000,0x00000000c1729fc8,0x00000000c4e80000)
 PSPermGen       total 84992K, used 46294K [0x00000000b0000000, 0x00000000b5300000, 0x00000000c0000000)
  object space 84992K, 54% used [0x00000000b0000000,0x00000000b2d35bc8,0x00000000b5300000)
Event: 6208.416 GC heap after
Heap after GC invocations=31 (full 5):
 PSYoungGen      total 181248K, used 13173K [0x00000000eaa80000, 0x00000000f8280000, 0x0000000100000000)
  eden space 166912K, 0% used [0x00000000eaa80000,0x00000000eaa80000,0x00000000f4d80000)
  from space 14336K, 91% used [0x00000000f5d00000,0x00000000f69dd7d8,0x00000000f6b00000)
  to   space 15872K, 0% used [0x00000000f4d80000,0x00000000f4d80000,0x00000000f5d00000)
 ParOldGen       total 80384K, used 23719K [0x00000000c0000000, 0x00000000c4e80000, 0x00000000eaa80000)
  object space 80384K, 29% used [0x00000000c0000000,0x00000000c1729fc8,0x00000000c4e80000)
 PSPermGen       total 84992K, used 46294K [0x00000000b0000000, 0x00000000b5300000, 0x00000000c0000000)
  object space 84992K, 54% used [0x00000000b0000000,0x00000000b2d35bc8,0x00000000b5300000)
}
Event: 6214.340 GC heap before
{Heap before GC invocations=32 (full 5):
 PSYoungGen      total 181248K, used 180085K [0x00000000eaa80000, 0x00000000f8280000, 0x0000000100000000)
  eden space 166912K, 100% used [0x00000000eaa80000,0x00000000f4d80000,0x00000000f4d80000)
  from space 14336K, 91% used [0x00000000f5d00000,0x00000000f69dd7d8,0x00000000f6b00000)
  to   space 15872K, 0% used [0x00000000f4d80000,0x00000000f4d80000,0x00000000f5d00000)
 ParOldGen       total 80384K, used 23719K [0x00000000c0000000, 0x00000000c4e80000, 0x00000000eaa80000)
  object space 80384K, 29% used [0x00000000c0000000,0x00000000c1729fc8,0x00000000c4e80000)
 PSPermGen       total 84992K, used 50487K [0x00000000b0000000, 0x00000000b5300000, 0x00000000c0000000)
  object space 84992K, 59% used [0x00000000b0000000,0x00000000b314dd50,0x00000000b5300000)
Event: 6214.634 GC heap after
Heap after GC invocations=32 (full 5):
 PSYoungGen      total 182784K, used 15854K [0x00000000eaa80000, 0x00000000f9480000, 0x0000000100000000)
  eden space 166912K, 0% used [0x00000000eaa80000,0x00000000eaa80000,0x00000000f4d80000)
  from space 15872K, 99% used [0x00000000f4d80000,0x00000000f5cfb820,0x00000000f5d00000)
  to   space 23552K, 0% used [0x00000000f7d80000,0x00000000f7d80000,0x00000000f9480000)
 ParOldGen       total 80384K, used 37948K [0x00000000c0000000, 0x00000000c4e80000, 0x00000000eaa80000)
  object space 80384K, 47% used [0x00000000c0000000,0x00000000c250f2f0,0x00000000c4e80000)
 PSPermGen       total 84992K, used 50487K [0x00000000b0000000, 0x00000000b5300000, 0x00000000c0000000)
  object space 84992K, 59% used [0x00000000b0000000,0x00000000b314dd50,0x00000000b5300000)
}
Event: 6215.443 GC heap before
{Heap before GC invocations=33 (full 5):
 PSYoungGen      total 182784K, used 34960K [0x00000000eaa80000, 0x00000000f9480000, 0x0000000100000000)
  eden space 166912K, 11% used [0x00000000eaa80000,0x00000000ebd28ac8,0x00000000f4d80000)
  from space 15872K, 99% used [0x00000000f4d80000,0x00000000f5cfb820,0x00000000f5d00000)
  to   space 23552K, 0% used [0x00000000f7d80000,0x00000000f7d80000,0x00000000f9480000)
 ParOldGen       total 80384K, used 37948K [0x00000000c0000000, 0x00000000c4e80000, 0x00000000eaa80000)
  object space 80384K, 47% used [0x00000000c0000000,0x00000000c250f2f0,0x00000000c4e80000)
 PSPermGen       total 84992K, used 50693K [0x00000000b0000000, 0x00000000b5300000, 0x00000000c0000000)
  object space 84992K, 59% used [0x00000000b0000000,0x00000000b31815c8,0x00000000b5300000)
Event: 6215.475 GC heap after
Heap after GC invocations=33 (full 5):
 PSYoungGen      total 215040K, used 15432K [0x00000000eaa80000, 0x00000000f9680000, 0x0000000100000000)
  eden space 191488K, 0% used [0x00000000eaa80000,0x00000000eaa80000,0x00000000f6580000)
  from space 23552K, 65% used [0x00000000f7d80000,0x00000000f8c92348,0x00000000f9480000)
  to   space 24576K, 0% used [0x00000000f6580000,0x00000000f6580000,0x00000000f7d80000)
 ParOldGen       total 80384K, used 37948K [0x00000000c0000000, 0x00000000c4e80000, 0x00000000eaa80000)
  object space 80384K, 47% used [0x00000000c0000000,0x00000000c250f2f0,0x00000000c4e80000)
 PSPermGen       total 84992K, used 50693K [0x00000000b0000000, 0x00000000b5300000, 0x00000000c0000000)
  object space 84992K, 59% used [0x00000000b0000000,0x00000000b31815c8,0x00000000b5300000)
}
Event: 6215.475 GC heap before
{Heap before GC invocations=34 (full 6):
 PSYoungGen      total 215040K, used 15432K [0x00000000eaa80000, 0x00000000f9680000, 0x0000000100000000)
  eden space 191488K, 0% used [0x00000000eaa80000,0x00000000eaa80000,0x00000000f6580000)
  from space 23552K, 65% used [0x00000000f7d80000,0x00000000f8c92348,0x00000000f9480000)
  to   space 24576K, 0% used [0x00000000f6580000,0x00000000f6580000,0x00000000f7d80000)
 ParOldGen       total 80384K, used 37948K [0x00000000c0000000, 0x00000000c4e80000, 0x00000000eaa80000)
  object space 80384K, 47% used [0x00000000c0000000,0x00000000c250f2f0,0x00000000c4e80000)
 PSPermGen       total 84992K, used 50693K [0x00000000b0000000, 0x00000000b5300000, 0x00000000c0000000)
  object space 84992K, 59% used [0x00000000b0000000,0x00000000b31815c8,0x00000000b5300000)
Event: 6215.874 GC heap after
Heap after GC invocations=34 (full 6):
 PSYoungGen      total 215040K, used 0K [0x00000000eaa80000, 0x00000000f9680000, 0x0000000100000000)
  eden space 191488K, 0% used [0x00000000eaa80000,0x00000000eaa80000,0x00000000f6580000)
  from space 23552K, 0% used [0x00000000f7d80000,0x00000000f7d80000,0x00000000f9480000)
  to   space 24576K, 0% used [0x00000000f6580000,0x00000000f6580000,0x00000000f7d80000)
 ParOldGen       total 80384K, used 40032K [0x00000000c0000000, 0x00000000c4e80000, 0x00000000eaa80000)
  object space 80384K, 49% used [0x00000000c0000000,0x00000000c27181b8,0x00000000c4e80000)
 PSPermGen       total 85504K, used 50545K [0x00000000b0000000, 0x00000000b5380000, 0x00000000c0000000)
  object space 85504K, 59% used [0x00000000b0000000,0x00000000b315c7f8,0x00000000b5380000)
}

