# JRE version: Java(TM) SE Runtime Environment (7.0_79-b15) (build 1.7.0_79-b15)
# Java VM: Java HotSpot(TM) 64-Bit Server VM (24.79-b02 mixed mode windows-amd64 compressed oops)
Heap
 PSYoungGen      total 71680K, used 45887K [0x00000000eaa80000, 0x00000000f1e00000, 0x0000000100000000)
  eden space 63488K, 69% used [0x00000000eaa80000,0x00000000ed5d7f20,0x00000000ee880000)
  from space 8192K, 18% used [0x00000000ee880000,0x00000000ee9f8010,0x00000000ef080000)
  to   space 8192K, 0% used [0x00000000f1600000,0x00000000f1600000,0x00000000f1e00000)
 ParOldGen       total 42496K, used 14534K [0x00000000c0000000, 0x00000000c2980000, 0x00000000eaa80000)
  object space 42496K, 34% used [0x00000000c0000000,0x00000000c0e31bc0,0x00000000c2980000)
 PSPermGen       total 21504K, used 21352K [0x00000000b0000000, 0x00000000b1500000, 0x00000000c0000000)
  object space 21504K, 99% used [0x00000000b0000000,0x00000000b14da2a0,0x00000000b1500000)
GC Heap History (10 events):
Event: 13.107 GC heap before
{Heap before GC invocations=5 (full 0):
 PSYoungGen      total 35328K, used 35312K [0x00000000eaa80000, 0x00000000ecf80000, 0x0000000100000000)
  eden space 32768K, 100% used [0x00000000eaa80000,0x00000000eca80000,0x00000000eca80000)
  from space 2560K, 99% used [0x00000000ecd00000,0x00000000ecf7c010,0x00000000ecf80000)
  to   space 2560K, 0% used [0x00000000eca80000,0x00000000eca80000,0x00000000ecd00000)
 ParOldGen       total 42496K, used 4238K [0x00000000c0000000, 0x00000000c2980000, 0x00000000eaa80000)
  object space 42496K, 9% used [0x00000000c0000000,0x00000000c0423870,0x00000000c2980000)
 PSPermGen       total 21504K, used 19014K [0x00000000b0000000, 0x00000000b1500000, 0x00000000c0000000)
  object space 21504K, 88% used [0x00000000b0000000,0x00000000b12919f0,0x00000000b1500000)
Event: 13.119 GC heap after
Heap after GC invocations=5 (full 0):
 PSYoungGen      total 34304K, used 2560K [0x00000000eaa80000, 0x00000000eda80000, 0x0000000100000000)
  eden space 31744K, 0% used [0x00000000eaa80000,0x00000000eaa80000,0x00000000ec980000)
  from space 2560K, 100% used [0x00000000eca80000,0x00000000ecd00000,0x00000000ecd00000)
  to   space 8704K, 0% used [0x00000000ed200000,0x00000000ed200000,0x00000000eda80000)
 ParOldGen       total 42496K, used 9965K [0x00000000c0000000, 0x00000000c2980000, 0x00000000eaa80000)
  object space 42496K, 23% used [0x00000000c0000000,0x00000000c09bb730,0x00000000c2980000)
 PSPermGen       total 21504K, used 19014K [0x00000000b0000000, 0x00000000b1500000, 0x00000000c0000000)
  object space 21504K, 88% used [0x00000000b0000000,0x00000000b12919f0,0x00000000b1500000)
}
Event: 14.432 GC heap before
{Heap before GC invocations=6 (full 0):
 PSYoungGen      total 34304K, used 34304K [0x00000000eaa80000, 0x00000000eda80000, 0x0000000100000000)
  eden space 31744K, 100% used [0x00000000eaa80000,0x00000000ec980000,0x00000000ec980000)
  from space 2560K, 100% used [0x00000000eca80000,0x00000000ecd00000,0x00000000ecd00000)
  to   space 8704K, 0% used [0x00000000ed200000,0x00000000ed200000,0x00000000eda80000)
 ParOldGen       total 42496K, used 9965K [0x00000000c0000000, 0x00000000c2980000, 0x00000000eaa80000)
  object space 42496K, 23% used [0x00000000c0000000,0x00000000c09bb730,0x00000000c2980000)
 PSPermGen       total 21504K, used 21333K [0x00000000b0000000, 0x00000000b1500000, 0x00000000c0000000)
  object space 21504K, 99% used [0x00000000b0000000,0x00000000b14d5738,0x00000000b1500000)
Event: 14.478 GC heap after
Heap after GC invocations=6 (full 0):
 PSYoungGen      total 40448K, used 5848K [0x00000000eaa80000, 0x00000000ef980000, 0x0000000100000000)
  eden space 31744K, 0% used [0x00000000eaa80000,0x00000000eaa80000,0x00000000ec980000)
  from space 8704K, 67% used [0x00000000ed200000,0x00000000ed7b6188,0x00000000eda80000)
  to   space 8704K, 0% used [0x00000000ec980000,0x00000000ec980000,0x00000000ed200000)
 ParOldGen       total 42496K, used 9973K [0x00000000c0000000, 0x00000000c2980000, 0x00000000eaa80000)
  object space 42496K, 23% used [0x00000000c0000000,0x00000000c09bd730,0x00000000c2980000)
 PSPermGen       total 21504K, used 21333K [0x00000000b0000000, 0x00000000b1500000, 0x00000000c0000000)
  object space 21504K, 99% used [0x00000000b0000000,0x00000000b14d5738,0x00000000b1500000)
}
Event: 14.685 GC heap before
{Heap before GC invocations=7 (full 0):
 PSYoungGen      total 40448K, used 37592K [0x00000000eaa80000, 0x00000000ef980000, 0x0000000100000000)
  eden space 31744K, 100% used [0x00000000eaa80000,0x00000000ec980000,0x00000000ec980000)
  from space 8704K, 67% used [0x00000000ed200000,0x00000000ed7b6188,0x00000000eda80000)
  to   space 8704K, 0% used [0x00000000ec980000,0x00000000ec980000,0x00000000ed200000)
 ParOldGen       total 42496K, used 9973K [0x00000000c0000000, 0x00000000c2980000, 0x00000000eaa80000)
  object space 42496K, 23% used [0x00000000c0000000,0x00000000c09bd730,0x00000000c2980000)
 PSPermGen       total 21504K, used 21346K [0x00000000b0000000, 0x00000000b1500000, 0x00000000c0000000)
  object space 21504K, 99% used [0x00000000b0000000,0x00000000b14d8878,0x00000000b1500000)
Event: 14.695 GC heap after
Heap after GC invocations=7 (full 0):
 PSYoungGen      total 40448K, used 4128K [0x00000000eaa80000, 0x00000000ef980000, 0x0000000100000000)
  eden space 31744K, 0% used [0x00000000eaa80000,0x00000000eaa80000,0x00000000ec980000)
  from space 8704K, 47% used [0x00000000ec980000,0x00000000ecd88060,0x00000000ed200000)
  to   space 8704K, 0% used [0x00000000ef100000,0x00000000ef100000,0x00000000ef980000)
 ParOldGen       total 42496K, used 10913K [0x00000000c0000000, 0x00000000c2980000, 0x00000000eaa80000)
  object space 42496K, 25% used [0x00000000c0000000,0x00000000c0aa8780,0x00000000c2980000)
 PSPermGen       total 21504K, used 21346K [0x00000000b0000000, 0x00000000b1500000, 0x00000000c0000000)
  object space 21504K, 99% used [0x00000000b0000000,0x00000000b14d8878,0x00000000b1500000)
}
Event: 14.945 GC heap before
{Heap before GC invocations=8 (full 0):
 PSYoungGen      total 40448K, used 35872K [0x00000000eaa80000, 0x00000000ef980000, 0x0000000100000000)
  eden space 31744K, 100% used [0x00000000eaa80000,0x00000000ec980000,0x00000000ec980000)
  from space 8704K, 47% used [0x00000000ec980000,0x00000000ecd88060,0x00000000ed200000)
  to   space 8704K, 0% used [0x00000000ef100000,0x00000000ef100000,0x00000000ef980000)
 ParOldGen       total 42496K, used 10913K [0x00000000c0000000, 0x00000000c2980000, 0x00000000eaa80000)
  object space 42496K, 25% used [0x00000000c0000000,0x00000000c0aa8780,0x00000000c2980000)
 PSPermGen       total 21504K, used 21349K [0x00000000b0000000, 0x00000000b1500000, 0x00000000c0000000)
  object space 21504K, 99% used [0x00000000b0000000,0x00000000b14d9750,0x00000000b1500000)
Event: 14.952 GC heap after
Heap after GC invocations=8 (full 0):
 PSYoungGen      total 71168K, used 3584K [0x00000000eaa80000, 0x00000000ef880000, 0x0000000100000000)
  eden space 63488K, 0% used [0x00000000eaa80000,0x00000000eaa80000,0x00000000ee880000)
  from space 7680K, 46% used [0x00000000ef100000,0x00000000ef480030,0x00000000ef880000)
  to   space 8192K, 0% used [0x00000000ee880000,0x00000000ee880000,0x00000000ef080000)
 ParOldGen       total 42496K, used 11886K [0x00000000c0000000, 0x00000000c2980000, 0x00000000eaa80000)
  object space 42496K, 27% used [0x00000000c0000000,0x00000000c0b9b850,0x00000000c2980000)
 PSPermGen       total 21504K, used 21349K [0x00000000b0000000, 0x00000000b1500000, 0x00000000c0000000)
  object space 21504K, 99% used [0x00000000b0000000,0x00000000b14d9750,0x00000000b1500000)
}
Event: 15.320 GC heap before
{Heap before GC invocations=9 (full 0):
 PSYoungGen      total 71168K, used 67072K [0x00000000eaa80000, 0x00000000ef880000, 0x0000000100000000)
  eden space 63488K, 100% used [0x00000000eaa80000,0x00000000ee880000,0x00000000ee880000)
  from space 7680K, 46% used [0x00000000ef100000,0x00000000ef480030,0x00000000ef880000)
  to   space 8192K, 0% used [0x00000000ee880000,0x00000000ee880000,0x00000000ef080000)
 ParOldGen       total 42496K, used 11886K [0x00000000c0000000, 0x00000000c2980000, 0x00000000eaa80000)
  object space 42496K, 27% used [0x00000000c0000000,0x00000000c0b9b850,0x00000000c2980000)
 PSPermGen       total 21504K, used 21350K [0x00000000b0000000, 0x00000000b1500000, 0x00000000c0000000)
  object space 21504K, 99% used [0x00000000b0000000,0x00000000b14d9a68,0x00000000b1500000)
Event: 15.332 GC heap after
Heap after GC invocations=9 (full 0):
 PSYoungGen      total 71680K, used 1504K [0x00000000eaa80000, 0x00000000f1e00000, 0x0000000100000000)
  eden space 63488K, 0% used [0x00000000eaa80000,0x00000000eaa80000,0x00000000ee880000)
  from space 8192K, 18% used [0x00000000ee880000,0x00000000ee9f8010,0x00000000ef080000)
  to   space 8192K, 0% used [0x00000000f1600000,0x00000000f1600000,0x00000000f1e00000)
 ParOldGen       total 42496K, used 14534K [0x00000000c0000000, 0x00000000c2980000, 0x00000000eaa80000)
  object space 42496K, 34% used [0x00000000c0000000,0x00000000c0e31bc0,0x00000000c2980000)
 PSPermGen       total 21504K, used 21350K [0x00000000b0000000, 0x00000000b1500000, 0x00000000c0000000)
  object space 21504K, 99% used [0x00000000b0000000,0x00000000b14d9a68,0x00000000b1500000)
}

