# JRE version: Java(TM) SE Runtime Environment (7.0_79-b15) (build 1.7.0_79-b15)
# Java VM: Java HotSpot(TM) 64-Bit Server VM (24.79-b02 mixed mode windows-amd64 compressed oops)
Heap
 PSYoungGen      total 138240K, used 130546K [0x00000000eaa80000, 0x00000000f9700000, 0x0000000100000000)
  eden space 124928K, 100% used [0x00000000eaa80000,0x00000000f2480000,0x00000000f2480000)
  from space 13312K, 42% used [0x00000000f2480000,0x00000000f29fcae0,0x00000000f3180000)
  to   space 20992K, 99% used [0x00000000f8280000,0x00000000f96ff078,0x00000000f9700000)
 ParOldGen       total 73216K, used 45392K [0x00000000c0000000, 0x00000000c4780000, 0x00000000eaa80000)
  object space 73216K, 61% used [0x00000000c0000000,0x00000000c2c541f0,0x00000000c4780000)
 PSPermGen       total 21504K, used 5999K [0x00000000bae00000, 0x00000000bc300000, 0x00000000c0000000)
  object space 21504K, 27% used [0x00000000bae00000,0x00000000bb3dbd18,0x00000000bc300000)
GC Heap History (10 events):
Event: 8.914 GC heap after
Heap after GC invocations=6 (full 0):
 PSYoungGen      total 72192K, used 7663K [0x00000000eaa80000, 0x00000000efb80000, 0x0000000100000000)
  eden space 64512K, 0% used [0x00000000eaa80000,0x00000000eaa80000,0x00000000ee980000)
  from space 7680K, 99% used [0x00000000ef200000,0x00000000ef97bcd0,0x00000000ef980000)
  to   space 8704K, 0% used [0x00000000ee980000,0x00000000ee980000,0x00000000ef200000)
 ParOldGen       total 42496K, used 15694K [0x00000000c0000000, 0x00000000c2980000, 0x00000000eaa80000)
  object space 42496K, 36% used [0x00000000c0000000,0x00000000c0f53a50,0x00000000c2980000)
 PSPermGen       total 21504K, used 5861K [0x00000000bae00000, 0x00000000bc300000, 0x00000000c0000000)
  object space 21504K, 27% used [0x00000000bae00000,0x00000000bb3b9458,0x00000000bc300000)
}
Event: 8.924 GC heap before
{Heap before GC invocations=7 (full 0):
 PSYoungGen      total 72192K, used 9316K [0x00000000eaa80000, 0x00000000efb80000, 0x0000000100000000)
  eden space 64512K, 2% used [0x00000000eaa80000,0x00000000eac1d670,0x00000000ee980000)
  from space 7680K, 99% used [0x00000000ef200000,0x00000000ef97bcd0,0x00000000ef980000)
  to   space 8704K, 0% used [0x00000000ee980000,0x00000000ee980000,0x00000000ef200000)
 ParOldGen       total 42496K, used 15694K [0x00000000c0000000, 0x00000000c2980000, 0x00000000eaa80000)
  object space 42496K, 36% used [0x00000000c0000000,0x00000000c0f53a50,0x00000000c2980000)
 PSPermGen       total 21504K, used 5861K [0x00000000bae00000, 0x00000000bc300000, 0x00000000c0000000)
  object space 21504K, 27% used [0x00000000bae00000,0x00000000bb3b9458,0x00000000bc300000)
Event: 8.952 GC heap after
Heap after GC invocations=7 (full 0):
 PSYoungGen      total 73216K, used 7100K [0x00000000eaa80000, 0x00000000f3a80000, 0x0000000100000000)
  eden space 64512K, 0% used [0x00000000eaa80000,0x00000000eaa80000,0x00000000ee980000)
  from space 8704K, 81% used [0x00000000ee980000,0x00000000ef06f390,0x00000000ef200000)
  to   space 9216K, 0% used [0x00000000f3180000,0x00000000f3180000,0x00000000f3a80000)
 ParOldGen       total 42496K, used 16433K [0x00000000c0000000, 0x00000000c2980000, 0x00000000eaa80000)
  object space 42496K, 38% used [0x00000000c0000000,0x00000000c100c4e0,0x00000000c2980000)
 PSPermGen       total 21504K, used 5861K [0x00000000bae00000, 0x00000000bc300000, 0x00000000c0000000)
  object space 21504K, 27% used [0x00000000bae00000,0x00000000bb3b9458,0x00000000bc300000)
}
Event: 9.953 GC heap before
{Heap before GC invocations=8 (full 0):
 PSYoungGen      total 73216K, used 71612K [0x00000000eaa80000, 0x00000000f3a80000, 0x0000000100000000)
  eden space 64512K, 100% used [0x00000000eaa80000,0x00000000ee980000,0x00000000ee980000)
  from space 8704K, 81% used [0x00000000ee980000,0x00000000ef06f390,0x00000000ef200000)
  to   space 9216K, 0% used [0x00000000f3180000,0x00000000f3180000,0x00000000f3a80000)
 ParOldGen       total 42496K, used 16433K [0x00000000c0000000, 0x00000000c2980000, 0x00000000eaa80000)
  object space 42496K, 38% used [0x00000000c0000000,0x00000000c100c4e0,0x00000000c2980000)
 PSPermGen       total 21504K, used 5898K [0x00000000bae00000, 0x00000000bc300000, 0x00000000c0000000)
  object space 21504K, 27% used [0x00000000bae00000,0x00000000bb3c2b80,0x00000000bc300000)
Event: 9.975 GC heap after
Heap after GC invocations=8 (full 0):
 PSYoungGen      total 134144K, used 9195K [0x00000000eaa80000, 0x00000000f4280000, 0x0000000100000000)
  eden space 124928K, 0% used [0x00000000eaa80000,0x00000000eaa80000,0x00000000f2480000)
  from space 9216K, 99% used [0x00000000f3180000,0x00000000f3a7ac18,0x00000000f3a80000)
  to   space 13312K, 0% used [0x00000000f2480000,0x00000000f2480000,0x00000000f3180000)
 ParOldGen       total 42496K, used 24256K [0x00000000c0000000, 0x00000000c2980000, 0x00000000eaa80000)
  object space 42496K, 57% used [0x00000000c0000000,0x00000000c17b02a0,0x00000000c2980000)
 PSPermGen       total 21504K, used 5898K [0x00000000bae00000, 0x00000000bc300000, 0x00000000c0000000)
  object space 21504K, 27% used [0x00000000bae00000,0x00000000bb3c2b80,0x00000000bc300000)
}
Event: 10.674 GC heap before
{Heap before GC invocations=9 (full 0):
 PSYoungGen      total 134144K, used 134123K [0x00000000eaa80000, 0x00000000f4280000, 0x0000000100000000)
  eden space 124928K, 100% used [0x00000000eaa80000,0x00000000f2480000,0x00000000f2480000)
  from space 9216K, 99% used [0x00000000f3180000,0x00000000f3a7ac18,0x00000000f3a80000)
  to   space 13312K, 0% used [0x00000000f2480000,0x00000000f2480000,0x00000000f3180000)
 ParOldGen       total 42496K, used 24256K [0x00000000c0000000, 0x00000000c2980000, 0x00000000eaa80000)
  object space 42496K, 57% used [0x00000000c0000000,0x00000000c17b02a0,0x00000000c2980000)
 PSPermGen       total 21504K, used 5983K [0x00000000bae00000, 0x00000000bc300000, 0x00000000c0000000)
  object space 21504K, 27% used [0x00000000bae00000,0x00000000bb3d7de0,0x00000000bc300000)
Event: 10.709 GC heap after
Heap after GC invocations=9 (full 0):
 PSYoungGen      total 138240K, used 13307K [0x00000000eaa80000, 0x00000000f9700000, 0x0000000100000000)
  eden space 124928K, 0% used [0x00000000eaa80000,0x00000000eaa80000,0x00000000f2480000)
  from space 13312K, 99% used [0x00000000f2480000,0x00000000f317eeb0,0x00000000f3180000)
  to   space 20992K, 0% used [0x00000000f8280000,0x00000000f8280000,0x00000000f9700000)
 ParOldGen       total 42496K, used 38898K [0x00000000c0000000, 0x00000000c2980000, 0x00000000eaa80000)
  object space 42496K, 91% used [0x00000000c0000000,0x00000000c25fcb08,0x00000000c2980000)
 PSPermGen       total 21504K, used 5983K [0x00000000bae00000, 0x00000000bc300000, 0x00000000c0000000)
  object space 21504K, 27% used [0x00000000bae00000,0x00000000bb3d7de0,0x00000000bc300000)
}
Event: 10.709 GC heap before
{Heap before GC invocations=10 (full 1):
 PSYoungGen      total 138240K, used 13307K [0x00000000eaa80000, 0x00000000f9700000, 0x0000000100000000)
  eden space 124928K, 0% used [0x00000000eaa80000,0x00000000eaa80000,0x00000000f2480000)
  from space 13312K, 99% used [0x00000000f2480000,0x00000000f317eeb0,0x00000000f3180000)
  to   space 20992K, 0% used [0x00000000f8280000,0x00000000f8280000,0x00000000f9700000)
 ParOldGen       total 42496K, used 38898K [0x00000000c0000000, 0x00000000c2980000, 0x00000000eaa80000)
  object space 42496K, 91% used [0x00000000c0000000,0x00000000c25fcb08,0x00000000c2980000)
 PSPermGen       total 21504K, used 5983K [0x00000000bae00000, 0x00000000bc300000, 0x00000000c0000000)
  object space 21504K, 27% used [0x00000000bae00000,0x00000000bb3d7de0,0x00000000bc300000)
Event: 11.035 GC heap after
Heap after GC invocations=10 (full 1):
 PSYoungGen      total 138240K, used 5618K [0x00000000eaa80000, 0x00000000f9700000, 0x0000000100000000)
  eden space 124928K, 0% used [0x00000000eaa80000,0x00000000eaa80000,0x00000000f2480000)
  from space 13312K, 42% used [0x00000000f2480000,0x00000000f29fcae0,0x00000000f3180000)
  to   space 20992K, 0% used [0x00000000f8280000,0x00000000f8280000,0x00000000f9700000)
 ParOldGen       total 73216K, used 42152K [0x00000000c0000000, 0x00000000c4780000, 0x00000000eaa80000)
  object space 73216K, 57% used [0x00000000c0000000,0x00000000c292a1f0,0x00000000c4780000)
 PSPermGen       total 21504K, used 5977K [0x00000000bae00000, 0x00000000bc300000, 0x00000000c0000000)
  object space 21504K, 27% used [0x00000000bae00000,0x00000000bb3d66a0,0x00000000bc300000)
}
Event: 11.527 GC heap before
{Heap before GC invocations=11 (full 1):
 PSYoungGen      total 138240K, used 130546K [0x00000000eaa80000, 0x00000000f9700000, 0x0000000100000000)
  eden space 124928K, 100% used [0x00000000eaa80000,0x00000000f2480000,0x00000000f2480000)
  from space 13312K, 42% used [0x00000000f2480000,0x00000000f29fcae0,0x00000000f3180000)
  to   space 20992K, 0% used [0x00000000f8280000,0x00000000f8280000,0x00000000f9700000)
 ParOldGen       total 73216K, used 42152K [0x00000000c0000000, 0x00000000c4780000, 0x00000000eaa80000)
  object space 73216K, 57% used [0x00000000c0000000,0x00000000c292a1f0,0x00000000c4780000)
 PSPermGen       total 21504K, used 5999K [0x00000000bae00000, 0x00000000bc300000, 0x00000000c0000000)
  object space 21504K, 27% used [0x00000000bae00000,0x00000000bb3dbd18,0x00000000bc300000)

